[debug] [2022-11-21T09:05:43.404Z] ----------------------------------------------------------------------
[debug] [2022-11-21T09:05:43.407Z] Command:       C:\Program Files\nodejs\node.exe C:\Users\ADMIN\AppData\Roaming\npm\node_modules\firebase-tools\lib\bin\firebase.js init
[debug] [2022-11-21T09:05:43.408Z] CLI Version:   11.16.1
[debug] [2022-11-21T09:05:43.408Z] Platform:      win32
[debug] [2022-11-21T09:05:43.408Z] Node Version:  v16.14.2
[debug] [2022-11-21T09:05:43.409Z] Time:          Mon Nov 21 2022 15:05:43 GMT+0600 (Восточный Казахстан)
[debug] [2022-11-21T09:05:43.410Z] ----------------------------------------------------------------------
[debug] 
[debug] [2022-11-21T09:05:43.422Z] > command requires scopes: ["email","openid","https://www.googleapis.com/auth/cloudplatformprojects.readonly","https://www.googleapis.com/auth/firebase","https://www.googleapis.com/auth/cloud-platform"]
[debug] [2022-11-21T09:05:43.422Z] > authorizing via signed-in user (frizen.artem.n@gmail.com)
[info] 
     ######## #### ########  ######## ########     ###     ######  ########
     ##        ##  ##     ## ##       ##     ##  ##   ##  ##       ##
     ######    ##  ########  ######   ########  #########  ######  ######
     ##        ##  ##    ##  ##       ##     ## ##     ##       ## ##
     ##       #### ##     ## ######## ########  ##     ##  ######  ########

You're about to initialize a Firebase project in this directory:

  C:\Users\ADMIN\Desktop\задание\todolist

[info] 
=== Project Setup
[info] 
[info] First, let's associate this project directory with a Firebase project.
[info] You can create multiple project aliases by running firebase use --add, 
[info] but for now we'll just set up a default project.
[info] 
[debug] [2022-11-21T09:06:12.342Z] > refreshing access token with scopes: []
[debug] [2022-11-21T09:06:12.345Z] >>> [apiv2][query] POST https://www.googleapis.com/oauth2/v3/token [none]
[debug] [2022-11-21T09:06:12.346Z] >>> [apiv2][body] POST https://www.googleapis.com/oauth2/v3/token [omitted]
[debug] [2022-11-21T09:06:12.822Z] <<< [apiv2][status] POST https://www.googleapis.com/oauth2/v3/token 200
[debug] [2022-11-21T09:06:12.823Z] <<< [apiv2][body] POST https://www.googleapis.com/oauth2/v3/token [omitted]
[debug] [2022-11-21T09:06:12.886Z] >>> [apiv2][query] GET https://firebase.googleapis.com/v1beta1/projects pageSize=100
[debug] [2022-11-21T09:06:13.770Z] <<< [apiv2][status] GET https://firebase.googleapis.com/v1beta1/projects 200
[debug] [2022-11-21T09:06:13.770Z] <<< [apiv2][body] GET https://firebase.googleapis.com/v1beta1/projects [omitted]
[info] i  Using project todolist-fee30 (todoList) 
[info] 
=== Hosting Setup
[info] 
[info] Your public directory is the folder (relative to your project directory) that
[info] will contain Hosting assets to be uploaded with firebase deploy. If you
[info] have a build process for your assets, use your build's output directory.
[info] 
[debug] [2022-11-21T09:08:23.785Z] >>> [apiv2][query] GET https://www.gstatic.com/firebasejs/releases.json [none]
[debug] [2022-11-21T09:08:24.197Z] <<< [apiv2][status] GET https://www.gstatic.com/firebasejs/releases.json 200
[debug] [2022-11-21T09:08:24.198Z] <<< [apiv2][body] GET https://www.gstatic.com/firebasejs/releases.json {"current":{"version":"9.14.0","browserURL":"https://www.gstatic.com/firebasejs/9.14.0/firebase.js","packageURL":"https://www.gstatic.com/firebasejs/9.14.0/firebase.tgz"},"live":{"version":"9.14","browserURL":"https://www.gstatic.com/firebasejs/live/9.14/firebase.js","packageURL":"https://www.gstatic.com/firebasejs/live/9.14/firebase.tgz"},"components":{"analytics":"https://www.gstatic.com/firebasejs/9.14.0/firebase-analytics.js","app":"https://www.gstatic.com/firebasejs/9.14.0/firebase-app.js","app-check":"https://www.gstatic.com/firebasejs/9.14.0/firebase-app-check.js","auth":"https://www.gstatic.com/firebasejs/9.14.0/firebase-auth.js","auth/cordova":"https://www.gstatic.com/firebasejs/9.14.0/firebase-auth/cordova.js","auth/react-native":"https://www.gstatic.com/firebasejs/9.14.0/firebase-auth/react-native.js","functions":"https://www.gstatic.com/firebasejs/9.14.0/firebase-functions.js","firestore":"https://www.gstatic.com/firebasejs/9.14.0/firebase-firestore.js","firestore/lite":"https://www.gstatic.com/firebasejs/9.14.0/firebase-firestore/lite.js","installations":"https://www.gstatic.com/firebasejs/9.14.0/firebase-installations.js","storage":"https://www.gstatic.com/firebasejs/9.14.0/firebase-storage.js","performance":"https://www.gstatic.com/firebasejs/9.14.0/firebase-performance.js","remote-config":"https://www.gstatic.com/firebasejs/9.14.0/firebase-remote-config.js","messaging":"https://www.gstatic.com/firebasejs/9.14.0/firebase-messaging.js","messaging/sw":"https://www.gstatic.com/firebasejs/9.14.0/firebase-messaging/sw.js","database":"https://www.gstatic.com/firebasejs/9.14.0/firebase-database.js","firestore.memory":"https://www.gstatic.com/firebasejs/9.14.0/firebase-firestore.memory.js"}}
[info] i  Skipping write of public/index.html 
[info] 
[info] i  Detected a .git folder at C:\Users\ADMIN\Desktop\задание\todolist 
[info] i  Authorizing with GitHub to upload your service account to a GitHub repository's secrets store. 
[info] 
[info] Visit this URL on this device to log in:
[info] https://github.com/login/oauth/authorize?client_id=89cf50f02ac6aaed3484&state=794373901&redirect_uri=http%3A%2F%2Flocalhost%3A9005&scope=read%3Auser%20repo%20public_repo
[info] 
[info] Waiting for authentication...
[debug] [2022-11-21T09:09:28.095Z] >>> [apiv2][query] POST https://github.com/login/oauth/access_token [none]
[debug] [2022-11-21T09:09:28.096Z] >>> [apiv2][body] POST https://github.com/login/oauth/access_token [stream]
[debug] [2022-11-21T09:09:29.012Z] <<< [apiv2][status] POST https://github.com/login/oauth/access_token 200
[debug] [2022-11-21T09:09:29.012Z] <<< [apiv2][body] POST https://github.com/login/oauth/access_token {"access_token":"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","token_type":"bearer","scope":"read:user,repo"}
[debug] [2022-11-21T09:09:29.020Z] >>> [apiv2][query] GET https://api.github.com/user [none]
[debug] [2022-11-21T09:09:29.837Z] <<< [apiv2][status] GET https://api.github.com/user 200
[debug] [2022-11-21T09:09:29.837Z] <<< [apiv2][body] GET https://api.github.com/user {"login":"greenok-prog","id":74125694,"node_id":"MDQ6VXNlcjc0MTI1Njk0","avatar_url":"https://avatars.githubusercontent.com/u/74125694?v=4","gravatar_id":"","url":"https://api.github.com/users/greenok-prog","html_url":"https://github.com/greenok-prog","followers_url":"https://api.github.com/users/greenok-prog/followers","following_url":"https://api.github.com/users/greenok-prog/following{/other_user}","gists_url":"https://api.github.com/users/greenok-prog/gists{/gist_id}","starred_url":"https://api.github.com/users/greenok-prog/starred{/owner}{/repo}","subscriptions_url":"https://api.github.com/users/greenok-prog/subscriptions","organizations_url":"https://api.github.com/users/greenok-prog/orgs","repos_url":"https://api.github.com/users/greenok-prog/repos","events_url":"https://api.github.com/users/greenok-prog/events{/privacy}","received_events_url":"https://api.github.com/users/greenok-prog/received_events","type":"User","site_admin":false,"name":"Artem Frizen","company":null,"blog":"","location":null,"email":null,"hireable":null,"bio":"Junior Frontent Developer","twitter_username":null,"public_repos":11,"public_gists":0,"followers":0,"following":0,"created_at":"2020-11-08T04:02:20Z","updated_at":"2022-10-07T09:55:30Z","private_gists":0,"total_private_repos":1,"owned_private_repos":1,"disk_usage":98576,"collaborators":0,"two_factor_authentication":false,"plan":{"name":"free","space":976562499,"collaborators":0,"private_repos":10000}}
[info] 
[info] +  Success! Logged into GitHub as greenok-prog 
[info] 
[debug] [2022-11-21T09:09:47.905Z] >>> [apiv2][query] GET https://api.github.com/repos//actions/secrets/public-key type=owner
[debug] [2022-11-21T09:09:48.431Z] <<< [apiv2][status] GET https://api.github.com/repos//actions/secrets/public-key 404
[debug] [2022-11-21T09:09:48.431Z] <<< [apiv2][body] GET https://api.github.com/repos//actions/secrets/public-key {"message":"Not Found","documentation_url":"https://docs.github.com/rest"}
[debug] [2022-11-21T09:10:42.896Z] >>> [apiv2][query] GET https://api.github.com/repos/grenook-prog/react-firebase/actions/secrets/public-key type=owner
[debug] [2022-11-21T09:10:43.847Z] <<< [apiv2][status] GET https://api.github.com/repos/grenook-prog/react-firebase/actions/secrets/public-key 404
[debug] [2022-11-21T09:10:43.847Z] <<< [apiv2][body] GET https://api.github.com/repos/grenook-prog/react-firebase/actions/secrets/public-key {"message":"Not Found","documentation_url":"https://docs.github.com/rest/reference/actions#get-a-repository-public-key"}
[debug] [2022-11-21T09:10:47.936Z] >>> [apiv2][query] GET https://api.github.com/repos/grenook-prog/react-firebase/actions/secrets/public-key type=owner
[debug] [2022-11-21T09:10:48.415Z] >>> [apiv2][query] GET https://api.github.com/repos//actions/secrets/public-key type=owner
[debug] [2022-11-21T09:10:48.462Z] <<< [apiv2][status] GET https://api.github.com/repos/grenook-prog/react-firebase/actions/secrets/public-key 404
[debug] [2022-11-21T09:10:48.462Z] <<< [apiv2][body] GET https://api.github.com/repos/grenook-prog/react-firebase/actions/secrets/public-key {"message":"Not Found","documentation_url":"https://docs.github.com/rest/reference/actions#get-a-repository-public-key"}
[debug] [2022-11-21T09:10:48.911Z] <<< [apiv2][status] GET https://api.github.com/repos//actions/secrets/public-key 404
[debug] [2022-11-21T09:10:48.911Z] <<< [apiv2][body] GET https://api.github.com/repos//actions/secrets/public-key {"message":"Not Found","documentation_url":"https://docs.github.com/rest"}
[debug] [2022-11-21T09:10:48.935Z] >>> [apiv2][query] GET https://api.github.com/repos/grenook-prog/react-firebase/actions/secrets/public-key type=owner
[debug] [2022-11-21T09:10:49.534Z] <<< [apiv2][status] GET https://api.github.com/repos/grenook-prog/react-firebase/actions/secrets/public-key 404
[debug] [2022-11-21T09:10:49.534Z] <<< [apiv2][body] GET https://api.github.com/repos/grenook-prog/react-firebase/actions/secrets/public-key {"message":"Not Found","documentation_url":"https://docs.github.com/rest/reference/actions#get-a-repository-public-key"}
[debug] [2022-11-21T09:10:49.975Z] >>> [apiv2][query] GET https://api.github.com/repos/grenook-prog/react-firebase/actions/secrets/public-key type=owner
[debug] [2022-11-21T09:10:50.766Z] <<< [apiv2][status] GET https://api.github.com/repos/grenook-prog/react-firebase/actions/secrets/public-key 404
[debug] [2022-11-21T09:10:50.767Z] <<< [apiv2][body] GET https://api.github.com/repos/grenook-prog/react-firebase/actions/secrets/public-key {"message":"Not Found","documentation_url":"https://docs.github.com/rest/reference/actions#get-a-repository-public-key"}
[debug] [2022-11-21T09:10:50.816Z] >>> [apiv2][query] GET https://api.github.com/repos/grenook-prog/react-firebase/actions/secrets/public-key type=owner
[debug] [2022-11-21T09:10:51.350Z] <<< [apiv2][status] GET https://api.github.com/repos/grenook-prog/react-firebase/actions/secrets/public-key 404
[debug] [2022-11-21T09:10:51.350Z] <<< [apiv2][body] GET https://api.github.com/repos/grenook-prog/react-firebase/actions/secrets/public-key {"message":"Not Found","documentation_url":"https://docs.github.com/rest/reference/actions#get-a-repository-public-key"}
[debug] [2022-11-21T09:10:51.439Z] >>> [apiv2][query] GET https://api.github.com/repos/grenook-prog/react-firebase/actions/secrets/public-key type=owner
[debug] [2022-11-21T09:10:51.974Z] <<< [apiv2][status] GET https://api.github.com/repos/grenook-prog/react-firebase/actions/secrets/public-key 404
[debug] [2022-11-21T09:10:51.975Z] <<< [apiv2][body] GET https://api.github.com/repos/grenook-prog/react-firebase/actions/secrets/public-key {"message":"Not Found","documentation_url":"https://docs.github.com/rest/reference/actions#get-a-repository-public-key"}
[debug] [2022-11-21T09:11:05.087Z] >>> [apiv2][query] GET https://api.github.com/repos/react-firebase/actions/secrets/public-key type=owner
[debug] [2022-11-21T09:11:05.629Z] <<< [apiv2][status] GET https://api.github.com/repos/react-firebase/actions/secrets/public-key 404
[debug] [2022-11-21T09:11:05.629Z] <<< [apiv2][body] GET https://api.github.com/repos/react-firebase/actions/secrets/public-key {"message":"Not Found","documentation_url":"https://docs.github.com/rest"}
[debug] [2022-11-21T09:11:24.943Z] >>> [apiv2][query] GET https://api.github.com/repos/grenook-prog/react-firebase/actions/secrets/public-key type=owner
[debug] [2022-11-21T09:11:25.491Z] <<< [apiv2][status] GET https://api.github.com/repos/grenook-prog/react-firebase/actions/secrets/public-key 404
[debug] [2022-11-21T09:11:25.491Z] <<< [apiv2][body] GET https://api.github.com/repos/grenook-prog/react-firebase/actions/secrets/public-key {"message":"Not Found","documentation_url":"https://docs.github.com/rest/reference/actions#get-a-repository-public-key"}
[debug] [2022-11-21T09:11:38.496Z] >>> [apiv2][query] GET https://api.github.com/repos/grenook-prog/react-firebase/actions/secrets/public-key type=owner
[debug] [2022-11-21T09:11:38.999Z] <<< [apiv2][status] GET https://api.github.com/repos/grenook-prog/react-firebase/actions/secrets/public-key 404
[debug] [2022-11-21T09:11:38.999Z] <<< [apiv2][body] GET https://api.github.com/repos/grenook-prog/react-firebase/actions/secrets/public-key {"message":"Not Found","documentation_url":"https://docs.github.com/rest/reference/actions#get-a-repository-public-key"}
